{
  "0 debug pnpm:scope": {
    "selected": 1
  },
  "1 error pnpm": {
    "code": "ELIFECYCLE",
    "errno": "ENOENT",
    "syscall": "spawn",
    "file": "sh",
    "pkgid": "@",
    "stage": "dev",
    "script": "vite --port 3333 --open",
    "err": {
      "name": "Error",
      "message": "@ dev: `vite --port 3333 --open`\nspawn ENOENT",
      "code": "ELIFECYCLE",
      "stack": "Error: @ dev: `vite --port 3333 --open`\nspawn ENOENT\n    at ChildProcess.<anonymous> (/Users/method/.nvm/versions/node/v14.17.0/lib/node_modules/pnpm/dist/pnpm.cjs:89015:20)\n    at ChildProcess.emit (events.js:376:20)\n    at maybeClose (internal/child_process.js:1055:16)\n    at Process.ChildProcess._handle.onexit (internal/child_process.js:288:5)"
    }
  }
}